{"meta": {"format": 3, "version": "7.11.3", "timestamp": "2025-11-21T10:40:23.522141", "branch_coverage": false, "show_contexts": false}, "files": {"src/pymoogo/__init__.py": {"executed_lines": [1, 12, 13, 14, 15, 21, 23, 24], "summary": {"covered_lines": 7, "num_statements": 7, "percent_covered": 100.0, "percent_covered_display": "100", "missing_lines": 0, "excluded_lines": 0}, "missing_lines": [], "excluded_lines": [], "functions": {"": {"executed_lines": [1, 12, 13, 14, 15, 21, 23, 24], "summary": {"covered_lines": 7, "num_statements": 7, "percent_covered": 100.0, "percent_covered_display": "100", "missing_lines": 0, "excluded_lines": 0}, "missing_lines": [], "excluded_lines": []}}, "classes": {"": {"executed_lines": [1, 12, 13, 14, 15, 21, 23, 24], "summary": {"covered_lines": 7, "num_statements": 7, "percent_covered": 100.0, "percent_covered_display": "100", "missing_lines": 0, "excluded_lines": 0}, "missing_lines": [], "excluded_lines": []}}}, "src/pymoogo/api.py": {"executed_lines": [1, 7, 8, 9, 11, 12, 14, 16, 19, 20, 32, 33, 36, 37, 38, 39, 40, 41, 44, 66, 84, 85, 86, 87, 90, 91, 94, 95, 96, 98, 99, 101, 102, 103, 105, 106, 108, 110, 111, 113, 117, 119, 120, 121, 123, 125, 130, 131, 132, 134, 161, 162, 164, 168, 169, 171, 172, 174, 175, 176, 177, 180, 181, 183, 186, 187, 189, 190, 193, 194, 195, 196, 197, 198, 208, 209, 211, 213, 214, 216, 217, 219, 220, 221, 222, 227, 243, 244, 246, 247, 249, 255, 257, 258, 259, 262, 263, 265, 267, 275, 277, 284, 286, 287, 289, 290, 291, 292, 293, 294, 295, 297], "summary": {"covered_lines": 110, "num_statements": 121, "percent_covered": 90.9090909090909, "percent_covered_display": "91", "missing_lines": 11, "excluded_lines": 0}, "missing_lines": [165, 199, 200, 201, 202, 203, 204, 206, 223, 224, 225], "excluded_lines": [], "functions": {"MoogoAPI.__init__": {"executed_lines": [84, 85, 86, 87, 90, 91, 94, 95, 96], "summary": {"covered_lines": 9, "num_statements": 9, "percent_covered": 100.0, "percent_covered_display": "100", "missing_lines": 0, "excluded_lines": 0}, "missing_lines": [], "excluded_lines": []}, "MoogoAPI.session": {"executed_lines": [101, 102, 103], "summary": {"covered_lines": 3, "num_statements": 3, "percent_covered": 100.0, "percent_covered_display": "100", "missing_lines": 0, "excluded_lines": 0}, "missing_lines": [], "excluded_lines": []}, "MoogoAPI.has_injected_session": {"executed_lines": [108], "summary": {"covered_lines": 1, "num_statements": 1, "percent_covered": 100.0, "percent_covered_display": "100", "missing_lines": 0, "excluded_lines": 0}, "missing_lines": [], "excluded_lines": []}, "MoogoAPI.is_authenticated": {"executed_lines": [113], "summary": {"covered_lines": 1, "num_statements": 1, "percent_covered": 100.0, "percent_covered_display": "100", "missing_lines": 0, "excluded_lines": 0}, "missing_lines": [], "excluded_lines": []}, "MoogoAPI.close": {"executed_lines": [119, 120, 121], "summary": {"covered_lines": 3, "num_statements": 3, "percent_covered": 100.0, "percent_covered_display": "100", "missing_lines": 0, "excluded_lines": 0}, "missing_lines": [], "excluded_lines": []}, "MoogoAPI._get_headers": {"executed_lines": [125, 130, 131, 132], "summary": {"covered_lines": 4, "num_statements": 4, "percent_covered": 100.0, "percent_covered_display": "100", "missing_lines": 0, "excluded_lines": 0}, "missing_lines": [], "excluded_lines": []}, "MoogoAPI.request": {"executed_lines": [161, 162, 164, 168, 169, 171, 172, 174, 175, 176, 177, 180, 181, 183, 186, 187, 189, 190, 193, 194, 195, 196, 197, 198, 208, 209], "summary": {"covered_lines": 26, "num_statements": 34, "percent_covered": 76.47058823529412, "percent_covered_display": "76", "missing_lines": 8, "excluded_lines": 0}, "missing_lines": [165, 199, 200, 201, 202, 203, 204, 206], "excluded_lines": []}, "MoogoAPI._reauthenticate": {"executed_lines": [213, 214, 216, 217, 219, 220, 221, 222], "summary": {"covered_lines": 8, "num_statements": 11, "percent_covered": 72.72727272727273, "percent_covered_display": "73", "missing_lines": 3, "excluded_lines": 0}, "missing_lines": [223, 224, 225], "excluded_lines": []}, "MoogoAPI.authenticate": {"executed_lines": [243, 244, 246, 247, 249, 255, 257, 258, 259, 262, 263, 265, 267], "summary": {"covered_lines": 13, "num_statements": 13, "percent_covered": 100.0, "percent_covered_display": "100", "missing_lines": 0, "excluded_lines": 0}, "missing_lines": [], "excluded_lines": []}, "MoogoAPI.get_auth_session": {"executed_lines": [277], "summary": {"covered_lines": 1, "num_statements": 1, "percent_covered": 100.0, "percent_covered_display": "100", "missing_lines": 0, "excluded_lines": 0}, "missing_lines": [], "excluded_lines": []}, "MoogoAPI.set_auth_session": {"executed_lines": [286, 287, 289, 290, 291, 292, 293, 294, 295, 297], "summary": {"covered_lines": 10, "num_statements": 10, "percent_covered": 100.0, "percent_covered_display": "100", "missing_lines": 0, "excluded_lines": 0}, "missing_lines": [], "excluded_lines": []}, "": {"executed_lines": [1, 7, 8, 9, 11, 12, 14, 16, 19, 20, 32, 33, 36, 37, 38, 39, 40, 41, 44, 66, 98, 99, 105, 106, 110, 111, 117, 123, 134, 211, 227, 275, 284], "summary": {"covered_lines": 31, "num_statements": 31, "percent_covered": 100.0, "percent_covered_display": "100", "missing_lines": 0, "excluded_lines": 0}, "missing_lines": [], "excluded_lines": []}}, "classes": {"MoogoAPI": {"executed_lines": [84, 85, 86, 87, 90, 91, 94, 95, 96, 101, 102, 103, 108, 113, 119, 120, 121, 125, 130, 131, 132, 161, 162, 164, 168, 169, 171, 172, 174, 175, 176, 177, 180, 181, 183, 186, 187, 189, 190, 193, 194, 195, 196, 197, 198, 208, 209, 213, 214, 216, 217, 219, 220, 221, 222, 243, 244, 246, 247, 249, 255, 257, 258, 259, 262, 263, 265, 267, 277, 286, 287, 289, 290, 291, 292, 293, 294, 295, 297], "summary": {"covered_lines": 79, "num_statements": 90, "percent_covered": 87.77777777777777, "percent_covered_display": "88", "missing_lines": 11, "excluded_lines": 0}, "missing_lines": [165, 199, 200, 201, 202, 203, 204, 206, 223, 224, 225], "excluded_lines": []}, "": {"executed_lines": [1, 7, 8, 9, 11, 12, 14, 16, 19, 20, 32, 33, 36, 37, 38, 39, 40, 41, 44, 66, 98, 99, 105, 106, 110, 111, 117, 123, 134, 211, 227, 275, 284], "summary": {"covered_lines": 31, "num_statements": 31, "percent_covered": 100.0, "percent_covered_display": "100", "missing_lines": 0, "excluded_lines": 0}, "missing_lines": [], "excluded_lines": []}}}, "src/pymoogo/client.py": {"executed_lines": [1, 3, 4, 5, 6, 7, 8, 9, 10, 12, 14, 15, 16, 21, 23, 26, 29, 59, 60, 61, 62, 63, 65, 66, 67, 68, 70, 71, 72, 73, 74, 75, 78, 81, 82, 84, 87, 92, 93, 100, 102, 105, 106, 132, 150, 159, 160, 161, 164, 165, 166, 168, 170, 172, 179, 181, 183, 185, 186, 190, 191, 193, 197, 213, 215, 219, 225, 238, 239, 242, 243, 249, 251, 252, 253, 256, 266, 267, 269, 271, 284, 288, 294, 295, 300, 304, 314, 315, 317, 318, 320, 321, 336, 337, 340, 341, 348, 349, 350, 351, 355, 356, 358, 360, 361, 362, 363, 364, 365, 366, 367, 368, 369, 370, 372, 373, 387, 391, 392, 423, 433, 436, 437, 438, 440, 463, 466, 474, 477, 479, 480, 484, 486, 497, 498, 500, 501, 502, 503, 504, 505, 506, 507, 508, 509, 510, 512, 515, 517, 518, 520, 522, 524, 527, 530, 532, 533, 535, 537, 539, 540, 542, 545, 547, 548, 550, 552, 554, 557, 560, 562, 563, 565, 567, 569, 572, 575, 577, 578, 582, 584, 586, 589, 592, 594, 595, 597, 599, 601, 604, 607, 609, 610, 612, 616, 625, 626, 628, 629, 631, 632, 634, 635, 636, 640, 642, 643, 645, 646, 647, 649, 651, 654, 655, 657, 658, 660, 664, 666, 667, 669, 670, 671, 673, 675, 676, 678, 679, 681, 682, 684, 688, 690, 691, 692, 694, 696, 697, 698, 699, 703, 705, 706, 708, 709, 710, 712, 713, 714, 717, 719, 721, 722, 724, 725, 726, 728, 729, 735, 737, 738, 744, 745, 746, 748, 750, 751, 759, 760, 761, 771, 773, 774, 775, 776, 777, 778, 779, 780], "summary": {"covered_lines": 277, "num_statements": 315, "percent_covered": 87.93650793650794, "percent_covered_display": "88", "missing_lines": 38, "excluded_lines": 0}, "missing_lines": [96, 97, 98, 188, 217, 221, 285, 289, 290, 291, 388, 399, 400, 401, 402, 406, 407, 409, 410, 411, 412, 413, 414, 415, 416, 417, 418, 419, 434, 464, 525, 555, 570, 587, 602, 630, 652, 715], "excluded_lines": [], "functions": {"retry_with_backoff": {"executed_lines": [59, 60, 102], "summary": {"covered_lines": 3, "num_statements": 3, "percent_covered": 100.0, "percent_covered_display": "100", "missing_lines": 0, "excluded_lines": 0}, "missing_lines": [], "excluded_lines": []}, "retry_with_backoff.decorator": {"executed_lines": [61, 100], "summary": {"covered_lines": 2, "num_statements": 2, "percent_covered": 100.0, "percent_covered_display": "100", "missing_lines": 0, "excluded_lines": 0}, "missing_lines": [], "excluded_lines": []}, "retry_with_backoff.decorator.wrapper": {"executed_lines": [62, 63, 65, 66, 67, 68, 70, 71, 72, 73, 74, 75, 78, 81, 82, 84, 87, 92, 93], "summary": {"covered_lines": 19, "num_statements": 22, "percent_covered": 86.36363636363636, "percent_covered_display": "86", "missing_lines": 3, "excluded_lines": 0}, "missing_lines": [96, 97, 98], "excluded_lines": []}, "MoogoClient.__init__": {"executed_lines": [150, 159, 160, 161, 164, 165, 166], "summary": {"covered_lines": 7, "num_statements": 7, "percent_covered": 100.0, "percent_covered_display": "100", "missing_lines": 0, "excluded_lines": 0}, "missing_lines": [], "excluded_lines": []}, "MoogoClient.__aenter__": {"executed_lines": [170], "summary": {"covered_lines": 1, "num_statements": 1, "percent_covered": 100.0, "percent_covered_display": "100", "missing_lines": 0, "excluded_lines": 0}, "missing_lines": [], "excluded_lines": []}, "MoogoClient.__aexit__": {"executed_lines": [179], "summary": {"covered_lines": 1, "num_statements": 1, "percent_covered": 100.0, "percent_covered_display": "100", "missing_lines": 0, "excluded_lines": 0}, "missing_lines": [], "excluded_lines": []}, "MoogoClient.close": {"executed_lines": [183], "summary": {"covered_lines": 1, "num_statements": 1, "percent_covered": 100.0, "percent_covered_display": "100", "missing_lines": 0, "excluded_lines": 0}, "missing_lines": [], "excluded_lines": []}, "MoogoClient.api": {"executed_lines": [], "summary": {"covered_lines": 0, "num_statements": 1, "percent_covered": 0.0, "percent_covered_display": "0", "missing_lines": 1, "excluded_lines": 0}, "missing_lines": [188], "excluded_lines": []}, "MoogoClient.is_authenticated": {"executed_lines": [193], "summary": {"covered_lines": 1, "num_statements": 1, "percent_covered": 100.0, "percent_covered_display": "100", "missing_lines": 0, "excluded_lines": 0}, "missing_lines": [], "excluded_lines": []}, "MoogoClient.authenticate": {"executed_lines": [213], "summary": {"covered_lines": 1, "num_statements": 1, "percent_covered": 100.0, "percent_covered_display": "100", "missing_lines": 0, "excluded_lines": 0}, "missing_lines": [], "excluded_lines": []}, "MoogoClient.get_auth_session": {"executed_lines": [], "summary": {"covered_lines": 0, "num_statements": 1, "percent_covered": 0.0, "percent_covered_display": "0", "missing_lines": 1, "excluded_lines": 0}, "missing_lines": [217], "excluded_lines": []}, "MoogoClient.set_auth_session": {"executed_lines": [], "summary": {"covered_lines": 0, "num_statements": 1, "percent_covered": 0.0, "percent_covered_display": "0", "missing_lines": 1, "excluded_lines": 0}, "missing_lines": [221], "excluded_lines": []}, "MoogoClient.get_devices": {"executed_lines": [238, 239, 242, 243, 249, 251, 252, 253, 256, 266, 267, 269], "summary": {"covered_lines": 12, "num_statements": 12, "percent_covered": 100.0, "percent_covered_display": "100", "missing_lines": 0, "excluded_lines": 0}, "missing_lines": [], "excluded_lines": []}, "MoogoClient.get_device": {"executed_lines": [284, 288, 294, 295, 300], "summary": {"covered_lines": 5, "num_statements": 9, "percent_covered": 55.55555555555556, "percent_covered_display": "56", "missing_lines": 4, "excluded_lines": 0}, "missing_lines": [285, 289, 290, 291], "excluded_lines": []}, "MoogoClient.get_device_status": {"executed_lines": [314, 315, 317, 318], "summary": {"covered_lines": 4, "num_statements": 4, "percent_covered": 100.0, "percent_covered_display": "100", "missing_lines": 0, "excluded_lines": 0}, "missing_lines": [], "excluded_lines": []}, "MoogoClient.start_spray": {"executed_lines": [336, 337, 340, 341, 348, 349, 350, 351, 355, 356, 358, 360, 361, 362, 363, 364, 365, 366, 367, 368, 369, 370], "summary": {"covered_lines": 22, "num_statements": 22, "percent_covered": 100.0, "percent_covered_display": "100", "missing_lines": 0, "excluded_lines": 0}, "missing_lines": [], "excluded_lines": []}, "MoogoClient.stop_spray": {"executed_lines": [387, 391, 392], "summary": {"covered_lines": 3, "num_statements": 21, "percent_covered": 14.285714285714286, "percent_covered_display": "14", "missing_lines": 18, "excluded_lines": 0}, "missing_lines": [388, 399, 400, 401, 402, 406, 407, 409, 410, 411, 412, 413, 414, 415, 416, 417, 418, 419], "excluded_lines": []}, "MoogoClient.get_device_schedules": {"executed_lines": [433, 436, 437, 438], "summary": {"covered_lines": 4, "num_statements": 5, "percent_covered": 80.0, "percent_covered_display": "80", "missing_lines": 1, "excluded_lines": 0}, "missing_lines": [434], "excluded_lines": []}, "MoogoClient.create_schedule": {"executed_lines": [463, 466, 474, 477, 479, 480, 484], "summary": {"covered_lines": 7, "num_statements": 8, "percent_covered": 87.5, "percent_covered_display": "88", "missing_lines": 1, "excluded_lines": 0}, "missing_lines": [464], "excluded_lines": []}, "MoogoClient.update_schedule": {"executed_lines": [497, 498, 500, 501, 502, 503, 504, 505, 506, 507, 508, 509, 510, 512, 515, 517, 518, 520], "summary": {"covered_lines": 18, "num_statements": 18, "percent_covered": 100.0, "percent_covered_display": "100", "missing_lines": 0, "excluded_lines": 0}, "missing_lines": [], "excluded_lines": []}, "MoogoClient.delete_schedule": {"executed_lines": [524, 527, 530, 532, 533, 535], "summary": {"covered_lines": 6, "num_statements": 7, "percent_covered": 85.71428571428571, "percent_covered_display": "86", "missing_lines": 1, "excluded_lines": 0}, "missing_lines": [525], "excluded_lines": []}, "MoogoClient.enable_schedule": {"executed_lines": [539, 540, 542, 545, 547, 548, 550], "summary": {"covered_lines": 7, "num_statements": 7, "percent_covered": 100.0, "percent_covered_display": "100", "missing_lines": 0, "excluded_lines": 0}, "missing_lines": [], "excluded_lines": []}, "MoogoClient.disable_schedule": {"executed_lines": [554, 557, 560, 562, 563, 565], "summary": {"covered_lines": 6, "num_statements": 7, "percent_covered": 85.71428571428571, "percent_covered_display": "86", "missing_lines": 1, "excluded_lines": 0}, "missing_lines": [555], "excluded_lines": []}, "MoogoClient.skip_schedule": {"executed_lines": [569, 572, 575, 577, 578, 582], "summary": {"covered_lines": 6, "num_statements": 7, "percent_covered": 85.71428571428571, "percent_covered_display": "86", "missing_lines": 1, "excluded_lines": 0}, "missing_lines": [570], "excluded_lines": []}, "MoogoClient.enable_all_schedules": {"executed_lines": [586, 589, 592, 594, 595, 597], "summary": {"covered_lines": 6, "num_statements": 7, "percent_covered": 85.71428571428571, "percent_covered_display": "86", "missing_lines": 1, "excluded_lines": 0}, "missing_lines": [587], "excluded_lines": []}, "MoogoClient.disable_all_schedules": {"executed_lines": [601, 604, 607, 609, 610, 612], "summary": {"covered_lines": 6, "num_statements": 7, "percent_covered": 85.71428571428571, "percent_covered_display": "86", "missing_lines": 1, "excluded_lines": 0}, "missing_lines": [602], "excluded_lines": []}, "MoogoClient.get_device_logs": {"executed_lines": [625, 626, 628, 629, 631, 632, 634, 635, 636], "summary": {"covered_lines": 9, "num_statements": 10, "percent_covered": 90.0, "percent_covered_display": "90", "missing_lines": 1, "excluded_lines": 0}, "missing_lines": [630], "excluded_lines": []}, "MoogoClient.get_device_config": {"executed_lines": [642, 643, 645, 646, 647], "summary": {"covered_lines": 5, "num_statements": 5, "percent_covered": 100.0, "percent_covered_display": "100", "missing_lines": 0, "excluded_lines": 0}, "missing_lines": [], "excluded_lines": []}, "MoogoClient.set_device_config": {"executed_lines": [651, 654, 655, 657, 658, 660], "summary": {"covered_lines": 6, "num_statements": 7, "percent_covered": 85.71428571428571, "percent_covered_display": "86", "missing_lines": 1, "excluded_lines": 0}, "missing_lines": [652], "excluded_lines": []}, "MoogoClient.check_firmware_update": {"executed_lines": [666, 667, 669, 670, 671], "summary": {"covered_lines": 5, "num_statements": 5, "percent_covered": 100.0, "percent_covered_display": "100", "missing_lines": 0, "excluded_lines": 0}, "missing_lines": [], "excluded_lines": []}, "MoogoClient.trigger_firmware_update": {"executed_lines": [675, 676, 678, 679, 681, 682, 684], "summary": {"covered_lines": 7, "num_statements": 7, "percent_covered": 100.0, "percent_covered_display": "100", "missing_lines": 0, "excluded_lines": 0}, "missing_lines": [], "excluded_lines": []}, "MoogoClient.get_liquid_types": {"executed_lines": [690, 691, 692], "summary": {"covered_lines": 3, "num_statements": 3, "percent_covered": 100.0, "percent_covered_display": "100", "missing_lines": 0, "excluded_lines": 0}, "missing_lines": [], "excluded_lines": []}, "MoogoClient.get_recommended_schedules": {"executed_lines": [696, 697, 698, 699], "summary": {"covered_lines": 4, "num_statements": 4, "percent_covered": 100.0, "percent_covered_display": "100", "missing_lines": 0, "excluded_lines": 0}, "missing_lines": [], "excluded_lines": []}, "MoogoClient._is_circuit_open": {"executed_lines": [705, 706, 708, 709, 710, 712, 713, 714, 717], "summary": {"covered_lines": 9, "num_statements": 10, "percent_covered": 90.0, "percent_covered_display": "90", "missing_lines": 1, "excluded_lines": 0}, "missing_lines": [715], "excluded_lines": []}, "MoogoClient._record_device_failure": {"executed_lines": [721, 722, 724, 725, 726, 728, 729], "summary": {"covered_lines": 7, "num_statements": 7, "percent_covered": 100.0, "percent_covered_display": "100", "missing_lines": 0, "excluded_lines": 0}, "missing_lines": [], "excluded_lines": []}, "MoogoClient._record_device_success": {"executed_lines": [737, 738, 744, 745, 746], "summary": {"covered_lines": 5, "num_statements": 5, "percent_covered": 100.0, "percent_covered_display": "100", "missing_lines": 0, "excluded_lines": 0}, "missing_lines": [], "excluded_lines": []}, "MoogoClient.get_device_circuit_status": {"executed_lines": [750, 751, 759, 760, 761], "summary": {"covered_lines": 5, "num_statements": 5, "percent_covered": 100.0, "percent_covered_display": "100", "missing_lines": 0, "excluded_lines": 0}, "missing_lines": [], "excluded_lines": []}, "MoogoClient.test_connection": {"executed_lines": [773, 774, 775, 776, 777, 778, 779, 780], "summary": {"covered_lines": 8, "num_statements": 8, "percent_covered": 100.0, "percent_covered_display": "100", "missing_lines": 0, "excluded_lines": 0}, "missing_lines": [], "excluded_lines": []}, "": {"executed_lines": [1, 3, 4, 5, 6, 7, 8, 9, 10, 12, 14, 15, 16, 21, 23, 26, 29, 105, 106, 132, 168, 172, 181, 185, 186, 190, 191, 197, 215, 219, 225, 271, 304, 320, 321, 372, 373, 423, 440, 486, 522, 537, 552, 567, 584, 599, 616, 640, 649, 664, 673, 688, 694, 703, 719, 735, 748, 771], "summary": {"covered_lines": 56, "num_statements": 56, "percent_covered": 100.0, "percent_covered_display": "100", "missing_lines": 0, "excluded_lines": 0}, "missing_lines": [], "excluded_lines": []}}, "classes": {"MoogoClient": {"executed_lines": [150, 159, 160, 161, 164, 165, 166, 170, 179, 183, 193, 213, 238, 239, 242, 243, 249, 251, 252, 253, 256, 266, 267, 269, 284, 288, 294, 295, 300, 314, 315, 317, 318, 336, 337, 340, 341, 348, 349, 350, 351, 355, 356, 358, 360, 361, 362, 363, 364, 365, 366, 367, 368, 369, 370, 387, 391, 392, 433, 436, 437, 438, 463, 466, 474, 477, 479, 480, 484, 497, 498, 500, 501, 502, 503, 504, 505, 506, 507, 508, 509, 510, 512, 515, 517, 518, 520, 524, 527, 530, 532, 533, 535, 539, 540, 542, 545, 547, 548, 550, 554, 557, 560, 562, 563, 565, 569, 572, 575, 577, 578, 582, 586, 589, 592, 594, 595, 597, 601, 604, 607, 609, 610, 612, 625, 626, 628, 629, 631, 632, 634, 635, 636, 642, 643, 645, 646, 647, 651, 654, 655, 657, 658, 660, 666, 667, 669, 670, 671, 675, 676, 678, 679, 681, 682, 684, 690, 691, 692, 696, 697, 698, 699, 705, 706, 708, 709, 710, 712, 713, 714, 717, 721, 722, 724, 725, 726, 728, 729, 737, 738, 744, 745, 746, 750, 751, 759, 760, 761, 773, 774, 775, 776, 777, 778, 779, 780], "summary": {"covered_lines": 197, "num_statements": 232, "percent_covered": 84.91379310344827, "percent_covered_display": "85", "missing_lines": 35, "excluded_lines": 0}, "missing_lines": [188, 217, 221, 285, 289, 290, 291, 388, 399, 400, 401, 402, 406, 407, 409, 410, 411, 412, 413, 414, 415, 416, 417, 418, 419, 434, 464, 525, 555, 570, 587, 602, 630, 652, 715], "excluded_lines": []}, "": {"executed_lines": [1, 3, 4, 5, 6, 7, 8, 9, 10, 12, 14, 15, 16, 21, 23, 26, 29, 59, 60, 61, 62, 63, 65, 66, 67, 68, 70, 71, 72, 73, 74, 75, 78, 81, 82, 84, 87, 92, 93, 100, 102, 105, 106, 132, 168, 172, 181, 185, 186, 190, 191, 197, 215, 219, 225, 271, 304, 320, 321, 372, 373, 423, 440, 486, 522, 537, 552, 567, 584, 599, 616, 640, 649, 664, 673, 688, 694, 703, 719, 735, 748, 771], "summary": {"covered_lines": 80, "num_statements": 83, "percent_covered": 96.3855421686747, "percent_covered_display": "96", "missing_lines": 3, "excluded_lines": 0}, "missing_lines": [96, 97, 98], "excluded_lines": []}}}, "src/pymoogo/device.py": {"executed_lines": [1, 3, 5, 6, 7, 9, 11, 14, 17, 18, 51, 65, 66, 67, 68, 69, 72, 73, 77, 78, 80, 82, 83, 85, 87, 88, 90, 92, 93, 95, 99, 100, 106, 108, 109, 111, 112, 113, 115, 116, 122, 124, 125, 131, 133, 134, 136, 138, 139, 141, 143, 144, 146, 148, 149, 151, 153, 154, 156, 158, 159, 161, 163, 164, 166, 170, 184, 185, 188, 189, 191, 196, 198, 208, 209, 210, 211, 215, 231, 232, 234, 235, 236, 238, 251, 252, 254, 255, 256, 260, 267, 269, 290, 299, 322, 332, 342, 344, 354, 356, 366, 368, 378, 380, 387, 389, 396, 400, 407, 409, 419, 423, 442, 452, 459, 461, 468, 472, 473, 485, 489, 496, 503, 504, 520, 522, 524, 525, 526, 528, 530], "summary": {"covered_lines": 128, "num_statements": 128, "percent_covered": 100.0, "percent_covered_display": "100", "missing_lines": 0, "excluded_lines": 2}, "missing_lines": [], "excluded_lines": [11, 12], "functions": {"MoogoDevice.__init__": {"executed_lines": [65, 66, 67, 68, 69, 72, 73], "summary": {"covered_lines": 7, "num_statements": 7, "percent_covered": 100.0, "percent_covered_display": "100", "missing_lines": 0, "excluded_lines": 0}, "missing_lines": [], "excluded_lines": []}, "MoogoDevice.id": {"executed_lines": [80], "summary": {"covered_lines": 1, "num_statements": 1, "percent_covered": 100.0, "percent_covered_display": "100", "missing_lines": 0, "excluded_lines": 0}, "missing_lines": [], "excluded_lines": []}, "MoogoDevice.name": {"executed_lines": [85], "summary": {"covered_lines": 1, "num_statements": 1, "percent_covered": 100.0, "percent_covered_display": "100", "missing_lines": 0, "excluded_lines": 0}, "missing_lines": [], "excluded_lines": []}, "MoogoDevice.model": {"executed_lines": [90], "summary": {"covered_lines": 1, "num_statements": 1, "percent_covered": 100.0, "percent_covered_display": "100", "missing_lines": 0, "excluded_lines": 0}, "missing_lines": [], "excluded_lines": []}, "MoogoDevice.client": {"executed_lines": [95], "summary": {"covered_lines": 1, "num_statements": 1, "percent_covered": 100.0, "percent_covered_display": "100", "missing_lines": 0, "excluded_lines": 0}, "missing_lines": [], "excluded_lines": []}, "MoogoDevice.status": {"executed_lines": [106], "summary": {"covered_lines": 1, "num_statements": 1, "percent_covered": 100.0, "percent_covered_display": "100", "missing_lines": 0, "excluded_lines": 0}, "missing_lines": [], "excluded_lines": []}, "MoogoDevice.status_age": {"executed_lines": [111, 112, 113], "summary": {"covered_lines": 3, "num_statements": 3, "percent_covered": 100.0, "percent_covered_display": "100", "missing_lines": 0, "excluded_lines": 0}, "missing_lines": [], "excluded_lines": []}, "MoogoDevice.is_online": {"executed_lines": [122], "summary": {"covered_lines": 1, "num_statements": 1, "percent_covered": 100.0, "percent_covered_display": "100", "missing_lines": 0, "excluded_lines": 0}, "missing_lines": [], "excluded_lines": []}, "MoogoDevice.is_running": {"executed_lines": [131], "summary": {"covered_lines": 1, "num_statements": 1, "percent_covered": 100.0, "percent_covered_display": "100", "missing_lines": 0, "excluded_lines": 0}, "missing_lines": [], "excluded_lines": []}, "MoogoDevice.temperature": {"executed_lines": [136], "summary": {"covered_lines": 1, "num_statements": 1, "percent_covered": 100.0, "percent_covered_display": "100", "missing_lines": 0, "excluded_lines": 0}, "missing_lines": [], "excluded_lines": []}, "MoogoDevice.humidity": {"executed_lines": [141], "summary": {"covered_lines": 1, "num_statements": 1, "percent_covered": 100.0, "percent_covered_display": "100", "missing_lines": 0, "excluded_lines": 0}, "missing_lines": [], "excluded_lines": []}, "MoogoDevice.water_level": {"executed_lines": [146], "summary": {"covered_lines": 1, "num_statements": 1, "percent_covered": 100.0, "percent_covered_display": "100", "missing_lines": 0, "excluded_lines": 0}, "missing_lines": [], "excluded_lines": []}, "MoogoDevice.liquid_level": {"executed_lines": [151], "summary": {"covered_lines": 1, "num_statements": 1, "percent_covered": 100.0, "percent_covered_display": "100", "missing_lines": 0, "excluded_lines": 0}, "missing_lines": [], "excluded_lines": []}, "MoogoDevice.mix_ratio": {"executed_lines": [156], "summary": {"covered_lines": 1, "num_statements": 1, "percent_covered": 100.0, "percent_covered_display": "100", "missing_lines": 0, "excluded_lines": 0}, "missing_lines": [], "excluded_lines": []}, "MoogoDevice.firmware": {"executed_lines": [161], "summary": {"covered_lines": 1, "num_statements": 1, "percent_covered": 100.0, "percent_covered_display": "100", "missing_lines": 0, "excluded_lines": 0}, "missing_lines": [], "excluded_lines": []}, "MoogoDevice.rssi": {"executed_lines": [166], "summary": {"covered_lines": 1, "num_statements": 1, "percent_covered": 100.0, "percent_covered_display": "100", "missing_lines": 0, "excluded_lines": 0}, "missing_lines": [], "excluded_lines": []}, "MoogoDevice.refresh": {"executed_lines": [184, 185, 188, 189, 191, 196], "summary": {"covered_lines": 6, "num_statements": 6, "percent_covered": 100.0, "percent_covered_display": "100", "missing_lines": 0, "excluded_lines": 0}, "missing_lines": [], "excluded_lines": []}, "MoogoDevice.ensure_status": {"executed_lines": [208, 209, 210, 211], "summary": {"covered_lines": 4, "num_statements": 4, "percent_covered": 100.0, "percent_covered_display": "100", "missing_lines": 0, "excluded_lines": 0}, "missing_lines": [], "excluded_lines": []}, "MoogoDevice.start_spray": {"executed_lines": [231, 232, 234, 235, 236], "summary": {"covered_lines": 5, "num_statements": 5, "percent_covered": 100.0, "percent_covered_display": "100", "missing_lines": 0, "excluded_lines": 0}, "missing_lines": [], "excluded_lines": []}, "MoogoDevice.stop_spray": {"executed_lines": [251, 252, 254, 255, 256], "summary": {"covered_lines": 5, "num_statements": 5, "percent_covered": 100.0, "percent_covered_display": "100", "missing_lines": 0, "excluded_lines": 0}, "missing_lines": [], "excluded_lines": []}, "MoogoDevice.get_schedules": {"executed_lines": [267], "summary": {"covered_lines": 1, "num_statements": 1, "percent_covered": 100.0, "percent_covered_display": "100", "missing_lines": 0, "excluded_lines": 0}, "missing_lines": [], "excluded_lines": []}, "MoogoDevice.create_schedule": {"executed_lines": [290], "summary": {"covered_lines": 1, "num_statements": 1, "percent_covered": 100.0, "percent_covered_display": "100", "missing_lines": 0, "excluded_lines": 0}, "missing_lines": [], "excluded_lines": []}, "MoogoDevice.update_schedule": {"executed_lines": [322], "summary": {"covered_lines": 1, "num_statements": 1, "percent_covered": 100.0, "percent_covered_display": "100", "missing_lines": 0, "excluded_lines": 0}, "missing_lines": [], "excluded_lines": []}, "MoogoDevice.delete_schedule": {"executed_lines": [342], "summary": {"covered_lines": 1, "num_statements": 1, "percent_covered": 100.0, "percent_covered_display": "100", "missing_lines": 0, "excluded_lines": 0}, "missing_lines": [], "excluded_lines": []}, "MoogoDevice.enable_schedule": {"executed_lines": [354], "summary": {"covered_lines": 1, "num_statements": 1, "percent_covered": 100.0, "percent_covered_display": "100", "missing_lines": 0, "excluded_lines": 0}, "missing_lines": [], "excluded_lines": []}, "MoogoDevice.disable_schedule": {"executed_lines": [366], "summary": {"covered_lines": 1, "num_statements": 1, "percent_covered": 100.0, "percent_covered_display": "100", "missing_lines": 0, "excluded_lines": 0}, "missing_lines": [], "excluded_lines": []}, "MoogoDevice.skip_schedule": {"executed_lines": [378], "summary": {"covered_lines": 1, "num_statements": 1, "percent_covered": 100.0, "percent_covered_display": "100", "missing_lines": 0, "excluded_lines": 0}, "missing_lines": [], "excluded_lines": []}, "MoogoDevice.enable_all_schedules": {"executed_lines": [387], "summary": {"covered_lines": 1, "num_statements": 1, "percent_covered": 100.0, "percent_covered_display": "100", "missing_lines": 0, "excluded_lines": 0}, "missing_lines": [], "excluded_lines": []}, "MoogoDevice.disable_all_schedules": {"executed_lines": [396], "summary": {"covered_lines": 1, "num_statements": 1, "percent_covered": 100.0, "percent_covered_display": "100", "missing_lines": 0, "excluded_lines": 0}, "missing_lines": [], "excluded_lines": []}, "MoogoDevice.get_config": {"executed_lines": [407], "summary": {"covered_lines": 1, "num_statements": 1, "percent_covered": 100.0, "percent_covered_display": "100", "missing_lines": 0, "excluded_lines": 0}, "missing_lines": [], "excluded_lines": []}, "MoogoDevice.set_config": {"executed_lines": [419], "summary": {"covered_lines": 1, "num_statements": 1, "percent_covered": 100.0, "percent_covered_display": "100", "missing_lines": 0, "excluded_lines": 0}, "missing_lines": [], "excluded_lines": []}, "MoogoDevice.get_logs": {"executed_lines": [442], "summary": {"covered_lines": 1, "num_statements": 1, "percent_covered": 100.0, "percent_covered_display": "100", "missing_lines": 0, "excluded_lines": 0}, "missing_lines": [], "excluded_lines": []}, "MoogoDevice.check_firmware_update": {"executed_lines": [459], "summary": {"covered_lines": 1, "num_statements": 1, "percent_covered": 100.0, "percent_covered_display": "100", "missing_lines": 0, "excluded_lines": 0}, "missing_lines": [], "excluded_lines": []}, "MoogoDevice.trigger_firmware_update": {"executed_lines": [468], "summary": {"covered_lines": 1, "num_statements": 1, "percent_covered": 100.0, "percent_covered_display": "100", "missing_lines": 0, "excluded_lines": 0}, "missing_lines": [], "excluded_lines": []}, "MoogoDevice.circuit_status": {"executed_lines": [485], "summary": {"covered_lines": 1, "num_statements": 1, "percent_covered": 100.0, "percent_covered_display": "100", "missing_lines": 0, "excluded_lines": 0}, "missing_lines": [], "excluded_lines": []}, "MoogoDevice.to_dict": {"executed_lines": [496, 503, 504, 520], "summary": {"covered_lines": 4, "num_statements": 4, "percent_covered": 100.0, "percent_covered_display": "100", "missing_lines": 0, "excluded_lines": 0}, "missing_lines": [], "excluded_lines": []}, "MoogoDevice.__repr__": {"executed_lines": [524, 525, 526], "summary": {"covered_lines": 3, "num_statements": 3, "percent_covered": 100.0, "percent_covered_display": "100", "missing_lines": 0, "excluded_lines": 0}, "missing_lines": [], "excluded_lines": []}, "MoogoDevice.__str__": {"executed_lines": [530], "summary": {"covered_lines": 1, "num_statements": 1, "percent_covered": 100.0, "percent_covered_display": "100", "missing_lines": 0, "excluded_lines": 0}, "missing_lines": [], "excluded_lines": []}, "": {"executed_lines": [1, 3, 5, 6, 7, 9, 11, 14, 17, 18, 51, 77, 78, 82, 83, 87, 88, 92, 93, 99, 100, 108, 109, 115, 116, 124, 125, 133, 134, 138, 139, 143, 144, 148, 149, 153, 154, 158, 159, 163, 164, 170, 198, 215, 238, 260, 269, 299, 332, 344, 356, 368, 380, 389, 400, 409, 423, 452, 461, 472, 473, 489, 522, 528], "summary": {"covered_lines": 61, "num_statements": 61, "percent_covered": 100.0, "percent_covered_display": "100", "missing_lines": 0, "excluded_lines": 2}, "missing_lines": [], "excluded_lines": [11, 12]}}, "classes": {"MoogoDevice": {"executed_lines": [65, 66, 67, 68, 69, 72, 73, 80, 85, 90, 95, 106, 111, 112, 113, 122, 131, 136, 141, 146, 151, 156, 161, 166, 184, 185, 188, 189, 191, 196, 208, 209, 210, 211, 231, 232, 234, 235, 236, 251, 252, 254, 255, 256, 267, 290, 322, 342, 354, 366, 378, 387, 396, 407, 419, 442, 459, 468, 485, 496, 503, 504, 520, 524, 525, 526, 530], "summary": {"covered_lines": 67, "num_statements": 67, "percent_covered": 100.0, "percent_covered_display": "100", "missing_lines": 0, "excluded_lines": 0}, "missing_lines": [], "excluded_lines": []}, "": {"executed_lines": [1, 3, 5, 6, 7, 9, 11, 14, 17, 18, 51, 77, 78, 82, 83, 87, 88, 92, 93, 99, 100, 108, 109, 115, 116, 124, 125, 133, 134, 138, 139, 143, 144, 148, 149, 153, 154, 158, 159, 163, 164, 170, 198, 215, 238, 260, 269, 299, 332, 344, 356, 368, 380, 389, 400, 409, 423, 452, 461, 472, 473, 489, 522, 528], "summary": {"covered_lines": 61, "num_statements": 61, "percent_covered": 100.0, "percent_covered_display": "100", "missing_lines": 0, "excluded_lines": 2}, "missing_lines": [], "excluded_lines": [11, 12]}}}, "src/pymoogo/exceptions.py": {"executed_lines": [1, 4, 5, 8, 9, 12, 13, 16, 17], "summary": {"covered_lines": 4, "num_statements": 4, "percent_covered": 100.0, "percent_covered_display": "100", "missing_lines": 0, "excluded_lines": 0}, "missing_lines": [], "excluded_lines": [], "functions": {"": {"executed_lines": [1, 4, 5, 8, 9, 12, 13, 16, 17], "summary": {"covered_lines": 4, "num_statements": 4, "percent_covered": 100.0, "percent_covered_display": "100", "missing_lines": 0, "excluded_lines": 0}, "missing_lines": [], "excluded_lines": []}}, "classes": {"MoogoAPIError": {"executed_lines": [], "summary": {"covered_lines": 0, "num_statements": 0, "percent_covered": 100.0, "percent_covered_display": "100", "missing_lines": 0, "excluded_lines": 0}, "missing_lines": [], "excluded_lines": []}, "MoogoAuthError": {"executed_lines": [], "summary": {"covered_lines": 0, "num_statements": 0, "percent_covered": 100.0, "percent_covered_display": "100", "missing_lines": 0, "excluded_lines": 0}, "missing_lines": [], "excluded_lines": []}, "MoogoDeviceError": {"executed_lines": [], "summary": {"covered_lines": 0, "num_statements": 0, "percent_covered": 100.0, "percent_covered_display": "100", "missing_lines": 0, "excluded_lines": 0}, "missing_lines": [], "excluded_lines": []}, "MoogoRateLimitError": {"executed_lines": [], "summary": {"covered_lines": 0, "num_statements": 0, "percent_covered": 100.0, "percent_covered_display": "100", "missing_lines": 0, "excluded_lines": 0}, "missing_lines": [], "excluded_lines": []}, "": {"executed_lines": [1, 4, 5, 8, 9, 12, 13, 16, 17], "summary": {"covered_lines": 4, "num_statements": 4, "percent_covered": 100.0, "percent_covered_display": "100", "missing_lines": 0, "excluded_lines": 0}, "missing_lines": [], "excluded_lines": []}}}, "src/pymoogo/models.py": {"executed_lines": [1, 3, 4, 7, 8, 9, 11, 12, 13, 14, 15, 16, 17, 18, 19, 20, 21, 22, 23, 25, 26, 28, 44, 45, 47, 49, 50, 52, 55, 56, 57, 59, 60, 61, 62, 63, 64, 66, 67, 69, 78, 79, 81, 83, 84, 86, 88, 90], "summary": {"covered_lines": 28, "num_statements": 28, "percent_covered": 100.0, "percent_covered_display": "100", "missing_lines": 0, "excluded_lines": 0}, "missing_lines": [], "excluded_lines": [], "functions": {"DeviceStatus.from_dict": {"executed_lines": [28], "summary": {"covered_lines": 1, "num_statements": 1, "percent_covered": 100.0, "percent_covered_display": "100", "missing_lines": 0, "excluded_lines": 0}, "missing_lines": [], "excluded_lines": []}, "DeviceStatus.is_online": {"executed_lines": [47], "summary": {"covered_lines": 1, "num_statements": 1, "percent_covered": 100.0, "percent_covered_display": "100", "missing_lines": 0, "excluded_lines": 0}, "missing_lines": [], "excluded_lines": []}, "DeviceStatus.is_running": {"executed_lines": [52], "summary": {"covered_lines": 1, "num_statements": 1, "percent_covered": 100.0, "percent_covered_display": "100", "missing_lines": 0, "excluded_lines": 0}, "missing_lines": [], "excluded_lines": []}, "Schedule.from_dict": {"executed_lines": [69], "summary": {"covered_lines": 1, "num_statements": 1, "percent_covered": 100.0, "percent_covered_display": "100", "missing_lines": 0, "excluded_lines": 0}, "missing_lines": [], "excluded_lines": []}, "Schedule.is_enabled": {"executed_lines": [81], "summary": {"covered_lines": 1, "num_statements": 1, "percent_covered": 100.0, "percent_covered_display": "100", "missing_lines": 0, "excluded_lines": 0}, "missing_lines": [], "excluded_lines": []}, "Schedule.time_str": {"executed_lines": [86], "summary": {"covered_lines": 1, "num_statements": 1, "percent_covered": 100.0, "percent_covered_display": "100", "missing_lines": 0, "excluded_lines": 0}, "missing_lines": [], "excluded_lines": []}, "Schedule.to_dict": {"executed_lines": [90], "summary": {"covered_lines": 1, "num_statements": 1, "percent_covered": 100.0, "percent_covered_display": "100", "missing_lines": 0, "excluded_lines": 0}, "missing_lines": [], "excluded_lines": []}, "": {"executed_lines": [1, 3, 4, 7, 8, 9, 11, 12, 13, 14, 15, 16, 17, 18, 19, 20, 21, 22, 23, 25, 26, 44, 45, 49, 50, 55, 56, 57, 59, 60, 61, 62, 63, 64, 66, 67, 78, 79, 83, 84, 88], "summary": {"covered_lines": 21, "num_statements": 21, "percent_covered": 100.0, "percent_covered_display": "100", "missing_lines": 0, "excluded_lines": 0}, "missing_lines": [], "excluded_lines": []}}, "classes": {"DeviceStatus": {"executed_lines": [28, 47, 52], "summary": {"covered_lines": 3, "num_statements": 3, "percent_covered": 100.0, "percent_covered_display": "100", "missing_lines": 0, "excluded_lines": 0}, "missing_lines": [], "excluded_lines": []}, "Schedule": {"executed_lines": [69, 81, 86, 90], "summary": {"covered_lines": 4, "num_statements": 4, "percent_covered": 100.0, "percent_covered_display": "100", "missing_lines": 0, "excluded_lines": 0}, "missing_lines": [], "excluded_lines": []}, "": {"executed_lines": [1, 3, 4, 7, 8, 9, 11, 12, 13, 14, 15, 16, 17, 18, 19, 20, 21, 22, 23, 25, 26, 44, 45, 49, 50, 55, 56, 57, 59, 60, 61, 62, 63, 64, 66, 67, 78, 79, 83, 84, 88], "summary": {"covered_lines": 21, "num_statements": 21, "percent_covered": 100.0, "percent_covered_display": "100", "missing_lines": 0, "excluded_lines": 0}, "missing_lines": [], "excluded_lines": []}}}}, "totals": {"covered_lines": 554, "num_statements": 603, "percent_covered": 91.87396351575455, "percent_covered_display": "92", "missing_lines": 49, "excluded_lines": 2}}