{"meta": {"format": 3, "version": "7.11.3", "timestamp": "2025-11-21T10:04:28.525505", "branch_coverage": false, "show_contexts": false}, "files": {"src/pymoogo/__init__.py": {"executed_lines": [1, 12, 13, 14, 15, 21, 23, 24], "summary": {"covered_lines": 7, "num_statements": 7, "percent_covered": 100.0, "percent_covered_display": "100", "missing_lines": 0, "excluded_lines": 0}, "missing_lines": [], "excluded_lines": [], "functions": {"": {"executed_lines": [1, 12, 13, 14, 15, 21, 23, 24], "summary": {"covered_lines": 7, "num_statements": 7, "percent_covered": 100.0, "percent_covered_display": "100", "missing_lines": 0, "excluded_lines": 0}, "missing_lines": [], "excluded_lines": []}}, "classes": {"": {"executed_lines": [1, 12, 13, 14, 15, 21, 23, 24], "summary": {"covered_lines": 7, "num_statements": 7, "percent_covered": 100.0, "percent_covered_display": "100", "missing_lines": 0, "excluded_lines": 0}, "missing_lines": [], "excluded_lines": []}}}, "src/pymoogo/api.py": {"executed_lines": [1, 7, 8, 9, 11, 12, 14, 16, 19, 20, 32, 33, 36, 37, 38, 39, 40, 41, 44, 66, 84, 85, 86, 87, 90, 91, 94, 95, 96, 98, 99, 101, 102, 103, 105, 106, 108, 110, 111, 113, 117, 119, 120, 121, 123, 125, 130, 131, 132, 134, 161, 162, 164, 168, 169, 171, 172, 174, 175, 176, 177, 180, 181, 183, 186, 187, 189, 190, 193, 194, 195, 196, 197, 198, 208, 209, 211, 213, 214, 216, 217, 219, 220, 221, 222, 227, 243, 244, 246, 247, 249, 255, 257, 258, 259, 262, 263, 265, 267, 275, 277, 284, 286, 287, 289, 290, 291, 292, 293, 294, 295, 297], "summary": {"covered_lines": 110, "num_statements": 121, "percent_covered": 90.9090909090909, "percent_covered_display": "91", "missing_lines": 11, "excluded_lines": 0}, "missing_lines": [165, 199, 200, 201, 202, 203, 204, 206, 223, 224, 225], "excluded_lines": [], "functions": {"MoogoAPI.__init__": {"executed_lines": [84, 85, 86, 87, 90, 91, 94, 95, 96], "summary": {"covered_lines": 9, "num_statements": 9, "percent_covered": 100.0, "percent_covered_display": "100", "missing_lines": 0, "excluded_lines": 0}, "missing_lines": [], "excluded_lines": []}, "MoogoAPI.session": {"executed_lines": [101, 102, 103], "summary": {"covered_lines": 3, "num_statements": 3, "percent_covered": 100.0, "percent_covered_display": "100", "missing_lines": 0, "excluded_lines": 0}, "missing_lines": [], "excluded_lines": []}, "MoogoAPI.has_injected_session": {"executed_lines": [108], "summary": {"covered_lines": 1, "num_statements": 1, "percent_covered": 100.0, "percent_covered_display": "100", "missing_lines": 0, "excluded_lines": 0}, "missing_lines": [], "excluded_lines": []}, "MoogoAPI.is_authenticated": {"executed_lines": [113], "summary": {"covered_lines": 1, "num_statements": 1, "percent_covered": 100.0, "percent_covered_display": "100", "missing_lines": 0, "excluded_lines": 0}, "missing_lines": [], "excluded_lines": []}, "MoogoAPI.close": {"executed_lines": [119, 120, 121], "summary": {"covered_lines": 3, "num_statements": 3, "percent_covered": 100.0, "percent_covered_display": "100", "missing_lines": 0, "excluded_lines": 0}, "missing_lines": [], "excluded_lines": []}, "MoogoAPI._get_headers": {"executed_lines": [125, 130, 131, 132], "summary": {"covered_lines": 4, "num_statements": 4, "percent_covered": 100.0, "percent_covered_display": "100", "missing_lines": 0, "excluded_lines": 0}, "missing_lines": [], "excluded_lines": []}, "MoogoAPI.request": {"executed_lines": [161, 162, 164, 168, 169, 171, 172, 174, 175, 176, 177, 180, 181, 183, 186, 187, 189, 190, 193, 194, 195, 196, 197, 198, 208, 209], "summary": {"covered_lines": 26, "num_statements": 34, "percent_covered": 76.47058823529412, "percent_covered_display": "76", "missing_lines": 8, "excluded_lines": 0}, "missing_lines": [165, 199, 200, 201, 202, 203, 204, 206], "excluded_lines": []}, "MoogoAPI._reauthenticate": {"executed_lines": [213, 214, 216, 217, 219, 220, 221, 222], "summary": {"covered_lines": 8, "num_statements": 11, "percent_covered": 72.72727272727273, "percent_covered_display": "73", "missing_lines": 3, "excluded_lines": 0}, "missing_lines": [223, 224, 225], "excluded_lines": []}, "MoogoAPI.authenticate": {"executed_lines": [243, 244, 246, 247, 249, 255, 257, 258, 259, 262, 263, 265, 267], "summary": {"covered_lines": 13, "num_statements": 13, "percent_covered": 100.0, "percent_covered_display": "100", "missing_lines": 0, "excluded_lines": 0}, "missing_lines": [], "excluded_lines": []}, "MoogoAPI.get_auth_session": {"executed_lines": [277], "summary": {"covered_lines": 1, "num_statements": 1, "percent_covered": 100.0, "percent_covered_display": "100", "missing_lines": 0, "excluded_lines": 0}, "missing_lines": [], "excluded_lines": []}, "MoogoAPI.set_auth_session": {"executed_lines": [286, 287, 289, 290, 291, 292, 293, 294, 295, 297], "summary": {"covered_lines": 10, "num_statements": 10, "percent_covered": 100.0, "percent_covered_display": "100", "missing_lines": 0, "excluded_lines": 0}, "missing_lines": [], "excluded_lines": []}, "": {"executed_lines": [1, 7, 8, 9, 11, 12, 14, 16, 19, 20, 32, 33, 36, 37, 38, 39, 40, 41, 44, 66, 98, 99, 105, 106, 110, 111, 117, 123, 134, 211, 227, 275, 284], "summary": {"covered_lines": 31, "num_statements": 31, "percent_covered": 100.0, "percent_covered_display": "100", "missing_lines": 0, "excluded_lines": 0}, "missing_lines": [], "excluded_lines": []}}, "classes": {"MoogoAPI": {"executed_lines": [84, 85, 86, 87, 90, 91, 94, 95, 96, 101, 102, 103, 108, 113, 119, 120, 121, 125, 130, 131, 132, 161, 162, 164, 168, 169, 171, 172, 174, 175, 176, 177, 180, 181, 183, 186, 187, 189, 190, 193, 194, 195, 196, 197, 198, 208, 209, 213, 214, 216, 217, 219, 220, 221, 222, 243, 244, 246, 247, 249, 255, 257, 258, 259, 262, 263, 265, 267, 277, 286, 287, 289, 290, 291, 292, 293, 294, 295, 297], "summary": {"covered_lines": 79, "num_statements": 90, "percent_covered": 87.77777777777777, "percent_covered_display": "88", "missing_lines": 11, "excluded_lines": 0}, "missing_lines": [165, 199, 200, 201, 202, 203, 204, 206, 223, 224, 225], "excluded_lines": []}, "": {"executed_lines": [1, 7, 8, 9, 11, 12, 14, 16, 19, 20, 32, 33, 36, 37, 38, 39, 40, 41, 44, 66, 98, 99, 105, 106, 110, 111, 117, 123, 134, 211, 227, 275, 284], "summary": {"covered_lines": 31, "num_statements": 31, "percent_covered": 100.0, "percent_covered_display": "100", "missing_lines": 0, "excluded_lines": 0}, "missing_lines": [], "excluded_lines": []}}}, "src/pymoogo/client.py": {"executed_lines": [1, 3, 4, 5, 6, 7, 8, 9, 10, 12, 14, 15, 16, 21, 23, 26, 29, 59, 60, 61, 62, 63, 65, 66, 67, 68, 70, 71, 72, 73, 74, 75, 78, 81, 82, 84, 86, 91, 92, 99, 101, 104, 105, 131, 149, 158, 159, 160, 163, 164, 165, 167, 169, 171, 178, 180, 182, 184, 185, 189, 190, 192, 196, 212, 214, 218, 224, 237, 238, 241, 242, 248, 250, 251, 252, 255, 265, 266, 268, 270, 283, 287, 293, 294, 299, 303, 313, 314, 316, 317, 319, 320, 335, 336, 371, 372, 422, 432, 435, 436, 437, 439, 462, 465, 473, 476, 478, 479, 483, 485, 521, 523, 526, 529, 531, 532, 534, 536, 538, 539, 541, 544, 546, 547, 549, 551, 553, 556, 559, 561, 562, 564, 566, 568, 571, 574, 576, 577, 581, 583, 585, 588, 591, 593, 594, 596, 598, 600, 603, 606, 608, 609, 611, 615, 624, 625, 627, 628, 630, 631, 633, 634, 635, 639, 641, 642, 644, 645, 646, 648, 650, 653, 654, 656, 657, 659, 663, 665, 666, 668, 669, 670, 672, 687, 689, 690, 691, 693, 695, 696, 697, 698, 702, 704, 705, 707, 708, 709, 711, 712, 713, 716, 718, 720, 721, 723, 724, 725, 727, 728, 734, 736, 743, 744, 745, 747, 749, 750, 758, 759, 760, 770, 772, 773, 774, 775, 776, 777, 778, 779], "summary": {"covered_lines": 228, "num_statements": 315, "percent_covered": 72.38095238095238, "percent_covered_display": "72", "missing_lines": 87, "excluded_lines": 0}, "missing_lines": [95, 96, 97, 187, 216, 220, 284, 288, 289, 290, 339, 340, 347, 348, 349, 350, 354, 355, 357, 359, 360, 361, 362, 363, 364, 365, 366, 367, 368, 369, 386, 387, 390, 391, 398, 399, 400, 401, 405, 406, 408, 409, 410, 411, 412, 413, 414, 415, 416, 417, 418, 433, 463, 496, 497, 499, 500, 501, 502, 503, 504, 505, 506, 507, 508, 509, 511, 514, 516, 517, 519, 524, 554, 569, 586, 601, 629, 651, 674, 675, 677, 678, 680, 681, 683, 714, 737], "excluded_lines": [], "functions": {"retry_with_backoff": {"executed_lines": [59, 60, 101], "summary": {"covered_lines": 3, "num_statements": 3, "percent_covered": 100.0, "percent_covered_display": "100", "missing_lines": 0, "excluded_lines": 0}, "missing_lines": [], "excluded_lines": []}, "retry_with_backoff.decorator": {"executed_lines": [61, 99], "summary": {"covered_lines": 2, "num_statements": 2, "percent_covered": 100.0, "percent_covered_display": "100", "missing_lines": 0, "excluded_lines": 0}, "missing_lines": [], "excluded_lines": []}, "retry_with_backoff.decorator.wrapper": {"executed_lines": [62, 63, 65, 66, 67, 68, 70, 71, 72, 73, 74, 75, 78, 81, 82, 84, 86, 91, 92], "summary": {"covered_lines": 19, "num_statements": 22, "percent_covered": 86.36363636363636, "percent_covered_display": "86", "missing_lines": 3, "excluded_lines": 0}, "missing_lines": [95, 96, 97], "excluded_lines": []}, "MoogoClient.__init__": {"executed_lines": [149, 158, 159, 160, 163, 164, 165], "summary": {"covered_lines": 7, "num_statements": 7, "percent_covered": 100.0, "percent_covered_display": "100", "missing_lines": 0, "excluded_lines": 0}, "missing_lines": [], "excluded_lines": []}, "MoogoClient.__aenter__": {"executed_lines": [169], "summary": {"covered_lines": 1, "num_statements": 1, "percent_covered": 100.0, "percent_covered_display": "100", "missing_lines": 0, "excluded_lines": 0}, "missing_lines": [], "excluded_lines": []}, "MoogoClient.__aexit__": {"executed_lines": [178], "summary": {"covered_lines": 1, "num_statements": 1, "percent_covered": 100.0, "percent_covered_display": "100", "missing_lines": 0, "excluded_lines": 0}, "missing_lines": [], "excluded_lines": []}, "MoogoClient.close": {"executed_lines": [182], "summary": {"covered_lines": 1, "num_statements": 1, "percent_covered": 100.0, "percent_covered_display": "100", "missing_lines": 0, "excluded_lines": 0}, "missing_lines": [], "excluded_lines": []}, "MoogoClient.api": {"executed_lines": [], "summary": {"covered_lines": 0, "num_statements": 1, "percent_covered": 0.0, "percent_covered_display": "0", "missing_lines": 1, "excluded_lines": 0}, "missing_lines": [187], "excluded_lines": []}, "MoogoClient.is_authenticated": {"executed_lines": [192], "summary": {"covered_lines": 1, "num_statements": 1, "percent_covered": 100.0, "percent_covered_display": "100", "missing_lines": 0, "excluded_lines": 0}, "missing_lines": [], "excluded_lines": []}, "MoogoClient.authenticate": {"executed_lines": [212], "summary": {"covered_lines": 1, "num_statements": 1, "percent_covered": 100.0, "percent_covered_display": "100", "missing_lines": 0, "excluded_lines": 0}, "missing_lines": [], "excluded_lines": []}, "MoogoClient.get_auth_session": {"executed_lines": [], "summary": {"covered_lines": 0, "num_statements": 1, "percent_covered": 0.0, "percent_covered_display": "0", "missing_lines": 1, "excluded_lines": 0}, "missing_lines": [216], "excluded_lines": []}, "MoogoClient.set_auth_session": {"executed_lines": [], "summary": {"covered_lines": 0, "num_statements": 1, "percent_covered": 0.0, "percent_covered_display": "0", "missing_lines": 1, "excluded_lines": 0}, "missing_lines": [220], "excluded_lines": []}, "MoogoClient.get_devices": {"executed_lines": [237, 238, 241, 242, 248, 250, 251, 252, 255, 265, 266, 268], "summary": {"covered_lines": 12, "num_statements": 12, "percent_covered": 100.0, "percent_covered_display": "100", "missing_lines": 0, "excluded_lines": 0}, "missing_lines": [], "excluded_lines": []}, "MoogoClient.get_device": {"executed_lines": [283, 287, 293, 294, 299], "summary": {"covered_lines": 5, "num_statements": 9, "percent_covered": 55.55555555555556, "percent_covered_display": "56", "missing_lines": 4, "excluded_lines": 0}, "missing_lines": [284, 288, 289, 290], "excluded_lines": []}, "MoogoClient.get_device_status": {"executed_lines": [313, 314, 316, 317], "summary": {"covered_lines": 4, "num_statements": 4, "percent_covered": 100.0, "percent_covered_display": "100", "missing_lines": 0, "excluded_lines": 0}, "missing_lines": [], "excluded_lines": []}, "MoogoClient.start_spray": {"executed_lines": [335, 336], "summary": {"covered_lines": 2, "num_statements": 22, "percent_covered": 9.090909090909092, "percent_covered_display": "9", "missing_lines": 20, "excluded_lines": 0}, "missing_lines": [339, 340, 347, 348, 349, 350, 354, 355, 357, 359, 360, 361, 362, 363, 364, 365, 366, 367, 368, 369], "excluded_lines": []}, "MoogoClient.stop_spray": {"executed_lines": [], "summary": {"covered_lines": 0, "num_statements": 21, "percent_covered": 0.0, "percent_covered_display": "0", "missing_lines": 21, "excluded_lines": 0}, "missing_lines": [386, 387, 390, 391, 398, 399, 400, 401, 405, 406, 408, 409, 410, 411, 412, 413, 414, 415, 416, 417, 418], "excluded_lines": []}, "MoogoClient.get_device_schedules": {"executed_lines": [432, 435, 436, 437], "summary": {"covered_lines": 4, "num_statements": 5, "percent_covered": 80.0, "percent_covered_display": "80", "missing_lines": 1, "excluded_lines": 0}, "missing_lines": [433], "excluded_lines": []}, "MoogoClient.create_schedule": {"executed_lines": [462, 465, 473, 476, 478, 479, 483], "summary": {"covered_lines": 7, "num_statements": 8, "percent_covered": 87.5, "percent_covered_display": "88", "missing_lines": 1, "excluded_lines": 0}, "missing_lines": [463], "excluded_lines": []}, "MoogoClient.update_schedule": {"executed_lines": [], "summary": {"covered_lines": 0, "num_statements": 18, "percent_covered": 0.0, "percent_covered_display": "0", "missing_lines": 18, "excluded_lines": 0}, "missing_lines": [496, 497, 499, 500, 501, 502, 503, 504, 505, 506, 507, 508, 509, 511, 514, 516, 517, 519], "excluded_lines": []}, "MoogoClient.delete_schedule": {"executed_lines": [523, 526, 529, 531, 532, 534], "summary": {"covered_lines": 6, "num_statements": 7, "percent_covered": 85.71428571428571, "percent_covered_display": "86", "missing_lines": 1, "excluded_lines": 0}, "missing_lines": [524], "excluded_lines": []}, "MoogoClient.enable_schedule": {"executed_lines": [538, 539, 541, 544, 546, 547, 549], "summary": {"covered_lines": 7, "num_statements": 7, "percent_covered": 100.0, "percent_covered_display": "100", "missing_lines": 0, "excluded_lines": 0}, "missing_lines": [], "excluded_lines": []}, "MoogoClient.disable_schedule": {"executed_lines": [553, 556, 559, 561, 562, 564], "summary": {"covered_lines": 6, "num_statements": 7, "percent_covered": 85.71428571428571, "percent_covered_display": "86", "missing_lines": 1, "excluded_lines": 0}, "missing_lines": [554], "excluded_lines": []}, "MoogoClient.skip_schedule": {"executed_lines": [568, 571, 574, 576, 577, 581], "summary": {"covered_lines": 6, "num_statements": 7, "percent_covered": 85.71428571428571, "percent_covered_display": "86", "missing_lines": 1, "excluded_lines": 0}, "missing_lines": [569], "excluded_lines": []}, "MoogoClient.enable_all_schedules": {"executed_lines": [585, 588, 591, 593, 594, 596], "summary": {"covered_lines": 6, "num_statements": 7, "percent_covered": 85.71428571428571, "percent_covered_display": "86", "missing_lines": 1, "excluded_lines": 0}, "missing_lines": [586], "excluded_lines": []}, "MoogoClient.disable_all_schedules": {"executed_lines": [600, 603, 606, 608, 609, 611], "summary": {"covered_lines": 6, "num_statements": 7, "percent_covered": 85.71428571428571, "percent_covered_display": "86", "missing_lines": 1, "excluded_lines": 0}, "missing_lines": [601], "excluded_lines": []}, "MoogoClient.get_device_logs": {"executed_lines": [624, 625, 627, 628, 630, 631, 633, 634, 635], "summary": {"covered_lines": 9, "num_statements": 10, "percent_covered": 90.0, "percent_covered_display": "90", "missing_lines": 1, "excluded_lines": 0}, "missing_lines": [629], "excluded_lines": []}, "MoogoClient.get_device_config": {"executed_lines": [641, 642, 644, 645, 646], "summary": {"covered_lines": 5, "num_statements": 5, "percent_covered": 100.0, "percent_covered_display": "100", "missing_lines": 0, "excluded_lines": 0}, "missing_lines": [], "excluded_lines": []}, "MoogoClient.set_device_config": {"executed_lines": [650, 653, 654, 656, 657, 659], "summary": {"covered_lines": 6, "num_statements": 7, "percent_covered": 85.71428571428571, "percent_covered_display": "86", "missing_lines": 1, "excluded_lines": 0}, "missing_lines": [651], "excluded_lines": []}, "MoogoClient.check_firmware_update": {"executed_lines": [665, 666, 668, 669, 670], "summary": {"covered_lines": 5, "num_statements": 5, "percent_covered": 100.0, "percent_covered_display": "100", "missing_lines": 0, "excluded_lines": 0}, "missing_lines": [], "excluded_lines": []}, "MoogoClient.trigger_firmware_update": {"executed_lines": [], "summary": {"covered_lines": 0, "num_statements": 7, "percent_covered": 0.0, "percent_covered_display": "0", "missing_lines": 7, "excluded_lines": 0}, "missing_lines": [674, 675, 677, 678, 680, 681, 683], "excluded_lines": []}, "MoogoClient.get_liquid_types": {"executed_lines": [689, 690, 691], "summary": {"covered_lines": 3, "num_statements": 3, "percent_covered": 100.0, "percent_covered_display": "100", "missing_lines": 0, "excluded_lines": 0}, "missing_lines": [], "excluded_lines": []}, "MoogoClient.get_recommended_schedules": {"executed_lines": [695, 696, 697, 698], "summary": {"covered_lines": 4, "num_statements": 4, "percent_covered": 100.0, "percent_covered_display": "100", "missing_lines": 0, "excluded_lines": 0}, "missing_lines": [], "excluded_lines": []}, "MoogoClient._is_circuit_open": {"executed_lines": [704, 705, 707, 708, 709, 711, 712, 713, 716], "summary": {"covered_lines": 9, "num_statements": 10, "percent_covered": 90.0, "percent_covered_display": "90", "missing_lines": 1, "excluded_lines": 0}, "missing_lines": [714], "excluded_lines": []}, "MoogoClient._record_device_failure": {"executed_lines": [720, 721, 723, 724, 725, 727, 728], "summary": {"covered_lines": 7, "num_statements": 7, "percent_covered": 100.0, "percent_covered_display": "100", "missing_lines": 0, "excluded_lines": 0}, "missing_lines": [], "excluded_lines": []}, "MoogoClient._record_device_success": {"executed_lines": [736, 743, 744, 745], "summary": {"covered_lines": 4, "num_statements": 5, "percent_covered": 80.0, "percent_covered_display": "80", "missing_lines": 1, "excluded_lines": 0}, "missing_lines": [737], "excluded_lines": []}, "MoogoClient.get_device_circuit_status": {"executed_lines": [749, 750, 758, 759, 760], "summary": {"covered_lines": 5, "num_statements": 5, "percent_covered": 100.0, "percent_covered_display": "100", "missing_lines": 0, "excluded_lines": 0}, "missing_lines": [], "excluded_lines": []}, "MoogoClient.test_connection": {"executed_lines": [772, 773, 774, 775, 776, 777, 778, 779], "summary": {"covered_lines": 8, "num_statements": 8, "percent_covered": 100.0, "percent_covered_display": "100", "missing_lines": 0, "excluded_lines": 0}, "missing_lines": [], "excluded_lines": []}, "": {"executed_lines": [1, 3, 4, 5, 6, 7, 8, 9, 10, 12, 14, 15, 16, 21, 23, 26, 29, 104, 105, 131, 167, 171, 180, 184, 185, 189, 190, 196, 214, 218, 224, 270, 303, 319, 320, 371, 372, 422, 439, 485, 521, 536, 551, 566, 583, 598, 615, 639, 648, 663, 672, 687, 693, 702, 718, 734, 747, 770], "summary": {"covered_lines": 56, "num_statements": 56, "percent_covered": 100.0, "percent_covered_display": "100", "missing_lines": 0, "excluded_lines": 0}, "missing_lines": [], "excluded_lines": []}}, "classes": {"MoogoClient": {"executed_lines": [149, 158, 159, 160, 163, 164, 165, 169, 178, 182, 192, 212, 237, 238, 241, 242, 248, 250, 251, 252, 255, 265, 266, 268, 283, 287, 293, 294, 299, 313, 314, 316, 317, 335, 336, 432, 435, 436, 437, 462, 465, 473, 476, 478, 479, 483, 523, 526, 529, 531, 532, 534, 538, 539, 541, 544, 546, 547, 549, 553, 556, 559, 561, 562, 564, 568, 571, 574, 576, 577, 581, 585, 588, 591, 593, 594, 596, 600, 603, 606, 608, 609, 611, 624, 625, 627, 628, 630, 631, 633, 634, 635, 641, 642, 644, 645, 646, 650, 653, 654, 656, 657, 659, 665, 666, 668, 669, 670, 689, 690, 691, 695, 696, 697, 698, 704, 705, 707, 708, 709, 711, 712, 713, 716, 720, 721, 723, 724, 725, 727, 728, 736, 743, 744, 745, 749, 750, 758, 759, 760, 772, 773, 774, 775, 776, 777, 778, 779], "summary": {"covered_lines": 148, "num_statements": 232, "percent_covered": 63.793103448275865, "percent_covered_display": "64", "missing_lines": 84, "excluded_lines": 0}, "missing_lines": [187, 216, 220, 284, 288, 289, 290, 339, 340, 347, 348, 349, 350, 354, 355, 357, 359, 360, 361, 362, 363, 364, 365, 366, 367, 368, 369, 386, 387, 390, 391, 398, 399, 400, 401, 405, 406, 408, 409, 410, 411, 412, 413, 414, 415, 416, 417, 418, 433, 463, 496, 497, 499, 500, 501, 502, 503, 504, 505, 506, 507, 508, 509, 511, 514, 516, 517, 519, 524, 554, 569, 586, 601, 629, 651, 674, 675, 677, 678, 680, 681, 683, 714, 737], "excluded_lines": []}, "": {"executed_lines": [1, 3, 4, 5, 6, 7, 8, 9, 10, 12, 14, 15, 16, 21, 23, 26, 29, 59, 60, 61, 62, 63, 65, 66, 67, 68, 70, 71, 72, 73, 74, 75, 78, 81, 82, 84, 86, 91, 92, 99, 101, 104, 105, 131, 167, 171, 180, 184, 185, 189, 190, 196, 214, 218, 224, 270, 303, 319, 320, 371, 372, 422, 439, 485, 521, 536, 551, 566, 583, 598, 615, 639, 648, 663, 672, 687, 693, 702, 718, 734, 747, 770], "summary": {"covered_lines": 80, "num_statements": 83, "percent_covered": 96.3855421686747, "percent_covered_display": "96", "missing_lines": 3, "excluded_lines": 0}, "missing_lines": [95, 96, 97], "excluded_lines": []}}}, "src/pymoogo/device.py": {"executed_lines": [1, 3, 5, 6, 7, 9, 11, 14, 17, 18, 51, 65, 66, 67, 68, 69, 72, 73, 77, 78, 80, 82, 83, 85, 87, 88, 90, 92, 93, 95, 99, 100, 106, 108, 109, 111, 112, 113, 115, 116, 122, 124, 125, 131, 133, 134, 136, 138, 139, 141, 143, 144, 146, 148, 149, 151, 153, 154, 156, 158, 159, 161, 163, 164, 166, 170, 184, 185, 188, 189, 191, 196, 198, 208, 209, 210, 211, 215, 231, 232, 234, 235, 236, 238, 251, 252, 254, 255, 256, 260, 267, 269, 290, 299, 322, 332, 342, 344, 354, 356, 366, 368, 378, 380, 387, 389, 396, 400, 407, 409, 419, 423, 442, 452, 459, 461, 468, 472, 473, 485, 489, 496, 503, 504, 520, 522, 524, 525, 526, 528, 530], "summary": {"covered_lines": 128, "num_statements": 128, "percent_covered": 100.0, "percent_covered_display": "100", "missing_lines": 0, "excluded_lines": 2}, "missing_lines": [], "excluded_lines": [11, 12], "functions": {"MoogoDevice.__init__": {"executed_lines": [65, 66, 67, 68, 69, 72, 73], "summary": {"covered_lines": 7, "num_statements": 7, "percent_covered": 100.0, "percent_covered_display": "100", "missing_lines": 0, "excluded_lines": 0}, "missing_lines": [], "excluded_lines": []}, "MoogoDevice.id": {"executed_lines": [80], "summary": {"covered_lines": 1, "num_statements": 1, "percent_covered": 100.0, "percent_covered_display": "100", "missing_lines": 0, "excluded_lines": 0}, "missing_lines": [], "excluded_lines": []}, "MoogoDevice.name": {"executed_lines": [85], "summary": {"covered_lines": 1, "num_statements": 1, "percent_covered": 100.0, "percent_covered_display": "100", "missing_lines": 0, "excluded_lines": 0}, "missing_lines": [], "excluded_lines": []}, "MoogoDevice.model": {"executed_lines": [90], "summary": {"covered_lines": 1, "num_statements": 1, "percent_covered": 100.0, "percent_covered_display": "100", "missing_lines": 0, "excluded_lines": 0}, "missing_lines": [], "excluded_lines": []}, "MoogoDevice.client": {"executed_lines": [95], "summary": {"covered_lines": 1, "num_statements": 1, "percent_covered": 100.0, "percent_covered_display": "100", "missing_lines": 0, "excluded_lines": 0}, "missing_lines": [], "excluded_lines": []}, "MoogoDevice.status": {"executed_lines": [106], "summary": {"covered_lines": 1, "num_statements": 1, "percent_covered": 100.0, "percent_covered_display": "100", "missing_lines": 0, "excluded_lines": 0}, "missing_lines": [], "excluded_lines": []}, "MoogoDevice.status_age": {"executed_lines": [111, 112, 113], "summary": {"covered_lines": 3, "num_statements": 3, "percent_covered": 100.0, "percent_covered_display": "100", "missing_lines": 0, "excluded_lines": 0}, "missing_lines": [], "excluded_lines": []}, "MoogoDevice.is_online": {"executed_lines": [122], "summary": {"covered_lines": 1, "num_statements": 1, "percent_covered": 100.0, "percent_covered_display": "100", "missing_lines": 0, "excluded_lines": 0}, "missing_lines": [], "excluded_lines": []}, "MoogoDevice.is_running": {"executed_lines": [131], "summary": {"covered_lines": 1, "num_statements": 1, "percent_covered": 100.0, "percent_covered_display": "100", "missing_lines": 0, "excluded_lines": 0}, "missing_lines": [], "excluded_lines": []}, "MoogoDevice.temperature": {"executed_lines": [136], "summary": {"covered_lines": 1, "num_statements": 1, "percent_covered": 100.0, "percent_covered_display": "100", "missing_lines": 0, "excluded_lines": 0}, "missing_lines": [], "excluded_lines": []}, "MoogoDevice.humidity": {"executed_lines": [141], "summary": {"covered_lines": 1, "num_statements": 1, "percent_covered": 100.0, "percent_covered_display": "100", "missing_lines": 0, "excluded_lines": 0}, "missing_lines": [], "excluded_lines": []}, "MoogoDevice.water_level": {"executed_lines": [146], "summary": {"covered_lines": 1, "num_statements": 1, "percent_covered": 100.0, "percent_covered_display": "100", "missing_lines": 0, "excluded_lines": 0}, "missing_lines": [], "excluded_lines": []}, "MoogoDevice.liquid_level": {"executed_lines": [151], "summary": {"covered_lines": 1, "num_statements": 1, "percent_covered": 100.0, "percent_covered_display": "100", "missing_lines": 0, "excluded_lines": 0}, "missing_lines": [], "excluded_lines": []}, "MoogoDevice.mix_ratio": {"executed_lines": [156], "summary": {"covered_lines": 1, "num_statements": 1, "percent_covered": 100.0, "percent_covered_display": "100", "missing_lines": 0, "excluded_lines": 0}, "missing_lines": [], "excluded_lines": []}, "MoogoDevice.firmware": {"executed_lines": [161], "summary": {"covered_lines": 1, "num_statements": 1, "percent_covered": 100.0, "percent_covered_display": "100", "missing_lines": 0, "excluded_lines": 0}, "missing_lines": [], "excluded_lines": []}, "MoogoDevice.rssi": {"executed_lines": [166], "summary": {"covered_lines": 1, "num_statements": 1, "percent_covered": 100.0, "percent_covered_display": "100", "missing_lines": 0, "excluded_lines": 0}, "missing_lines": [], "excluded_lines": []}, "MoogoDevice.refresh": {"executed_lines": [184, 185, 188, 189, 191, 196], "summary": {"covered_lines": 6, "num_statements": 6, "percent_covered": 100.0, "percent_covered_display": "100", "missing_lines": 0, "excluded_lines": 0}, "missing_lines": [], "excluded_lines": []}, "MoogoDevice.ensure_status": {"executed_lines": [208, 209, 210, 211], "summary": {"covered_lines": 4, "num_statements": 4, "percent_covered": 100.0, "percent_covered_display": "100", "missing_lines": 0, "excluded_lines": 0}, "missing_lines": [], "excluded_lines": []}, "MoogoDevice.start_spray": {"executed_lines": [231, 232, 234, 235, 236], "summary": {"covered_lines": 5, "num_statements": 5, "percent_covered": 100.0, "percent_covered_display": "100", "missing_lines": 0, "excluded_lines": 0}, "missing_lines": [], "excluded_lines": []}, "MoogoDevice.stop_spray": {"executed_lines": [251, 252, 254, 255, 256], "summary": {"covered_lines": 5, "num_statements": 5, "percent_covered": 100.0, "percent_covered_display": "100", "missing_lines": 0, "excluded_lines": 0}, "missing_lines": [], "excluded_lines": []}, "MoogoDevice.get_schedules": {"executed_lines": [267], "summary": {"covered_lines": 1, "num_statements": 1, "percent_covered": 100.0, "percent_covered_display": "100", "missing_lines": 0, "excluded_lines": 0}, "missing_lines": [], "excluded_lines": []}, "MoogoDevice.create_schedule": {"executed_lines": [290], "summary": {"covered_lines": 1, "num_statements": 1, "percent_covered": 100.0, "percent_covered_display": "100", "missing_lines": 0, "excluded_lines": 0}, "missing_lines": [], "excluded_lines": []}, "MoogoDevice.update_schedule": {"executed_lines": [322], "summary": {"covered_lines": 1, "num_statements": 1, "percent_covered": 100.0, "percent_covered_display": "100", "missing_lines": 0, "excluded_lines": 0}, "missing_lines": [], "excluded_lines": []}, "MoogoDevice.delete_schedule": {"executed_lines": [342], "summary": {"covered_lines": 1, "num_statements": 1, "percent_covered": 100.0, "percent_covered_display": "100", "missing_lines": 0, "excluded_lines": 0}, "missing_lines": [], "excluded_lines": []}, "MoogoDevice.enable_schedule": {"executed_lines": [354], "summary": {"covered_lines": 1, "num_statements": 1, "percent_covered": 100.0, "percent_covered_display": "100", "missing_lines": 0, "excluded_lines": 0}, "missing_lines": [], "excluded_lines": []}, "MoogoDevice.disable_schedule": {"executed_lines": [366], "summary": {"covered_lines": 1, "num_statements": 1, "percent_covered": 100.0, "percent_covered_display": "100", "missing_lines": 0, "excluded_lines": 0}, "missing_lines": [], "excluded_lines": []}, "MoogoDevice.skip_schedule": {"executed_lines": [378], "summary": {"covered_lines": 1, "num_statements": 1, "percent_covered": 100.0, "percent_covered_display": "100", "missing_lines": 0, "excluded_lines": 0}, "missing_lines": [], "excluded_lines": []}, "MoogoDevice.enable_all_schedules": {"executed_lines": [387], "summary": {"covered_lines": 1, "num_statements": 1, "percent_covered": 100.0, "percent_covered_display": "100", "missing_lines": 0, "excluded_lines": 0}, "missing_lines": [], "excluded_lines": []}, "MoogoDevice.disable_all_schedules": {"executed_lines": [396], "summary": {"covered_lines": 1, "num_statements": 1, "percent_covered": 100.0, "percent_covered_display": "100", "missing_lines": 0, "excluded_lines": 0}, "missing_lines": [], "excluded_lines": []}, "MoogoDevice.get_config": {"executed_lines": [407], "summary": {"covered_lines": 1, "num_statements": 1, "percent_covered": 100.0, "percent_covered_display": "100", "missing_lines": 0, "excluded_lines": 0}, "missing_lines": [], "excluded_lines": []}, "MoogoDevice.set_config": {"executed_lines": [419], "summary": {"covered_lines": 1, "num_statements": 1, "percent_covered": 100.0, "percent_covered_display": "100", "missing_lines": 0, "excluded_lines": 0}, "missing_lines": [], "excluded_lines": []}, "MoogoDevice.get_logs": {"executed_lines": [442], "summary": {"covered_lines": 1, "num_statements": 1, "percent_covered": 100.0, "percent_covered_display": "100", "missing_lines": 0, "excluded_lines": 0}, "missing_lines": [], "excluded_lines": []}, "MoogoDevice.check_firmware_update": {"executed_lines": [459], "summary": {"covered_lines": 1, "num_statements": 1, "percent_covered": 100.0, "percent_covered_display": "100", "missing_lines": 0, "excluded_lines": 0}, "missing_lines": [], "excluded_lines": []}, "MoogoDevice.trigger_firmware_update": {"executed_lines": [468], "summary": {"covered_lines": 1, "num_statements": 1, "percent_covered": 100.0, "percent_covered_display": "100", "missing_lines": 0, "excluded_lines": 0}, "missing_lines": [], "excluded_lines": []}, "MoogoDevice.circuit_status": {"executed_lines": [485], "summary": {"covered_lines": 1, "num_statements": 1, "percent_covered": 100.0, "percent_covered_display": "100", "missing_lines": 0, "excluded_lines": 0}, "missing_lines": [], "excluded_lines": []}, "MoogoDevice.to_dict": {"executed_lines": [496, 503, 504, 520], "summary": {"covered_lines": 4, "num_statements": 4, "percent_covered": 100.0, "percent_covered_display": "100", "missing_lines": 0, "excluded_lines": 0}, "missing_lines": [], "excluded_lines": []}, "MoogoDevice.__repr__": {"executed_lines": [524, 525, 526], "summary": {"covered_lines": 3, "num_statements": 3, "percent_covered": 100.0, "percent_covered_display": "100", "missing_lines": 0, "excluded_lines": 0}, "missing_lines": [], "excluded_lines": []}, "MoogoDevice.__str__": {"executed_lines": [530], "summary": {"covered_lines": 1, "num_statements": 1, "percent_covered": 100.0, "percent_covered_display": "100", "missing_lines": 0, "excluded_lines": 0}, "missing_lines": [], "excluded_lines": []}, "": {"executed_lines": [1, 3, 5, 6, 7, 9, 11, 14, 17, 18, 51, 77, 78, 82, 83, 87, 88, 92, 93, 99, 100, 108, 109, 115, 116, 124, 125, 133, 134, 138, 139, 143, 144, 148, 149, 153, 154, 158, 159, 163, 164, 170, 198, 215, 238, 260, 269, 299, 332, 344, 356, 368, 380, 389, 400, 409, 423, 452, 461, 472, 473, 489, 522, 528], "summary": {"covered_lines": 61, "num_statements": 61, "percent_covered": 100.0, "percent_covered_display": "100", "missing_lines": 0, "excluded_lines": 2}, "missing_lines": [], "excluded_lines": [11, 12]}}, "classes": {"MoogoDevice": {"executed_lines": [65, 66, 67, 68, 69, 72, 73, 80, 85, 90, 95, 106, 111, 112, 113, 122, 131, 136, 141, 146, 151, 156, 161, 166, 184, 185, 188, 189, 191, 196, 208, 209, 210, 211, 231, 232, 234, 235, 236, 251, 252, 254, 255, 256, 267, 290, 322, 342, 354, 366, 378, 387, 396, 407, 419, 442, 459, 468, 485, 496, 503, 504, 520, 524, 525, 526, 530], "summary": {"covered_lines": 67, "num_statements": 67, "percent_covered": 100.0, "percent_covered_display": "100", "missing_lines": 0, "excluded_lines": 0}, "missing_lines": [], "excluded_lines": []}, "": {"executed_lines": [1, 3, 5, 6, 7, 9, 11, 14, 17, 18, 51, 77, 78, 82, 83, 87, 88, 92, 93, 99, 100, 108, 109, 115, 116, 124, 125, 133, 134, 138, 139, 143, 144, 148, 149, 153, 154, 158, 159, 163, 164, 170, 198, 215, 238, 260, 269, 299, 332, 344, 356, 368, 380, 389, 400, 409, 423, 452, 461, 472, 473, 489, 522, 528], "summary": {"covered_lines": 61, "num_statements": 61, "percent_covered": 100.0, "percent_covered_display": "100", "missing_lines": 0, "excluded_lines": 2}, "missing_lines": [], "excluded_lines": [11, 12]}}}, "src/pymoogo/exceptions.py": {"executed_lines": [1, 4, 5, 8, 9, 12, 13, 16, 17], "summary": {"covered_lines": 4, "num_statements": 4, "percent_covered": 100.0, "percent_covered_display": "100", "missing_lines": 0, "excluded_lines": 0}, "missing_lines": [], "excluded_lines": [], "functions": {"": {"executed_lines": [1, 4, 5, 8, 9, 12, 13, 16, 17], "summary": {"covered_lines": 4, "num_statements": 4, "percent_covered": 100.0, "percent_covered_display": "100", "missing_lines": 0, "excluded_lines": 0}, "missing_lines": [], "excluded_lines": []}}, "classes": {"MoogoAPIError": {"executed_lines": [], "summary": {"covered_lines": 0, "num_statements": 0, "percent_covered": 100.0, "percent_covered_display": "100", "missing_lines": 0, "excluded_lines": 0}, "missing_lines": [], "excluded_lines": []}, "MoogoAuthError": {"executed_lines": [], "summary": {"covered_lines": 0, "num_statements": 0, "percent_covered": 100.0, "percent_covered_display": "100", "missing_lines": 0, "excluded_lines": 0}, "missing_lines": [], "excluded_lines": []}, "MoogoDeviceError": {"executed_lines": [], "summary": {"covered_lines": 0, "num_statements": 0, "percent_covered": 100.0, "percent_covered_display": "100", "missing_lines": 0, "excluded_lines": 0}, "missing_lines": [], "excluded_lines": []}, "MoogoRateLimitError": {"executed_lines": [], "summary": {"covered_lines": 0, "num_statements": 0, "percent_covered": 100.0, "percent_covered_display": "100", "missing_lines": 0, "excluded_lines": 0}, "missing_lines": [], "excluded_lines": []}, "": {"executed_lines": [1, 4, 5, 8, 9, 12, 13, 16, 17], "summary": {"covered_lines": 4, "num_statements": 4, "percent_covered": 100.0, "percent_covered_display": "100", "missing_lines": 0, "excluded_lines": 0}, "missing_lines": [], "excluded_lines": []}}}, "src/pymoogo/models.py": {"executed_lines": [1, 3, 4, 7, 8, 9, 11, 12, 13, 14, 15, 16, 17, 18, 19, 20, 21, 22, 23, 25, 26, 28, 44, 45, 47, 49, 50, 52, 55, 56, 57, 59, 60, 61, 62, 63, 64, 66, 67, 69, 78, 79, 83, 84, 88], "summary": {"covered_lines": 25, "num_statements": 28, "percent_covered": 89.28571428571429, "percent_covered_display": "89", "missing_lines": 3, "excluded_lines": 0}, "missing_lines": [81, 86, 90], "excluded_lines": [], "functions": {"DeviceStatus.from_dict": {"executed_lines": [28], "summary": {"covered_lines": 1, "num_statements": 1, "percent_covered": 100.0, "percent_covered_display": "100", "missing_lines": 0, "excluded_lines": 0}, "missing_lines": [], "excluded_lines": []}, "DeviceStatus.is_online": {"executed_lines": [47], "summary": {"covered_lines": 1, "num_statements": 1, "percent_covered": 100.0, "percent_covered_display": "100", "missing_lines": 0, "excluded_lines": 0}, "missing_lines": [], "excluded_lines": []}, "DeviceStatus.is_running": {"executed_lines": [52], "summary": {"covered_lines": 1, "num_statements": 1, "percent_covered": 100.0, "percent_covered_display": "100", "missing_lines": 0, "excluded_lines": 0}, "missing_lines": [], "excluded_lines": []}, "Schedule.from_dict": {"executed_lines": [69], "summary": {"covered_lines": 1, "num_statements": 1, "percent_covered": 100.0, "percent_covered_display": "100", "missing_lines": 0, "excluded_lines": 0}, "missing_lines": [], "excluded_lines": []}, "Schedule.is_enabled": {"executed_lines": [], "summary": {"covered_lines": 0, "num_statements": 1, "percent_covered": 0.0, "percent_covered_display": "0", "missing_lines": 1, "excluded_lines": 0}, "missing_lines": [81], "excluded_lines": []}, "Schedule.time_str": {"executed_lines": [], "summary": {"covered_lines": 0, "num_statements": 1, "percent_covered": 0.0, "percent_covered_display": "0", "missing_lines": 1, "excluded_lines": 0}, "missing_lines": [86], "excluded_lines": []}, "Schedule.to_dict": {"executed_lines": [], "summary": {"covered_lines": 0, "num_statements": 1, "percent_covered": 0.0, "percent_covered_display": "0", "missing_lines": 1, "excluded_lines": 0}, "missing_lines": [90], "excluded_lines": []}, "": {"executed_lines": [1, 3, 4, 7, 8, 9, 11, 12, 13, 14, 15, 16, 17, 18, 19, 20, 21, 22, 23, 25, 26, 44, 45, 49, 50, 55, 56, 57, 59, 60, 61, 62, 63, 64, 66, 67, 78, 79, 83, 84, 88], "summary": {"covered_lines": 21, "num_statements": 21, "percent_covered": 100.0, "percent_covered_display": "100", "missing_lines": 0, "excluded_lines": 0}, "missing_lines": [], "excluded_lines": []}}, "classes": {"DeviceStatus": {"executed_lines": [28, 47, 52], "summary": {"covered_lines": 3, "num_statements": 3, "percent_covered": 100.0, "percent_covered_display": "100", "missing_lines": 0, "excluded_lines": 0}, "missing_lines": [], "excluded_lines": []}, "Schedule": {"executed_lines": [69], "summary": {"covered_lines": 1, "num_statements": 4, "percent_covered": 25.0, "percent_covered_display": "25", "missing_lines": 3, "excluded_lines": 0}, "missing_lines": [81, 86, 90], "excluded_lines": []}, "": {"executed_lines": [1, 3, 4, 7, 8, 9, 11, 12, 13, 14, 15, 16, 17, 18, 19, 20, 21, 22, 23, 25, 26, 44, 45, 49, 50, 55, 56, 57, 59, 60, 61, 62, 63, 64, 66, 67, 78, 79, 83, 84, 88], "summary": {"covered_lines": 21, "num_statements": 21, "percent_covered": 100.0, "percent_covered_display": "100", "missing_lines": 0, "excluded_lines": 0}, "missing_lines": [], "excluded_lines": []}}}}, "totals": {"covered_lines": 502, "num_statements": 603, "percent_covered": 83.25041459369818, "percent_covered_display": "83", "missing_lines": 101, "excluded_lines": 2}}